# JRE version: OpenJDK Runtime Environment (8.0_202-b03) (build 1.8.0_202-release-1483-b03)
# Java VM: OpenJDK 64-Bit Server VM (25.202-b03 mixed mode windows-amd64 compressed oops)
Heap:
 PSYoungGen      total 179712K, used 63783K [0x00000000e0000000, 0x00000000ece00000, 0x0000000100000000)
  eden space 157696K, 27% used [0x00000000e0000000,0x00000000e29cd678,0x00000000e9a00000)
  from space 22016K, 95% used [0x00000000e9a00000,0x00000000eae7c678,0x00000000eaf80000)
  to   space 18432K, 0% used [0x00000000eaf80000,0x00000000eaf80000,0x00000000ec180000)
 ParOldGen       total 113152K, used 46526K [0x00000000a0000000, 0x00000000a6e80000, 0x00000000e0000000)
  object space 113152K, 41% used [0x00000000a0000000,0x00000000a2d6f978,0x00000000a6e80000)
 Metaspace       used 73257K, capacity 76044K, committed 76160K, reserved 1116160K
  class space    used 9694K, capacity 10289K, committed 10368K, reserved 1048576K
GC Heap History (10 events):
Event: 9.654 GC heap before
{Heap before GC invocations=16 (full 3):
 PSYoungGen      total 134144K, used 13574K [0x00000000e0000000, 0x00000000eb380000, 0x0000000100000000)
  eden space 119296K, 0% used [0x00000000e0000000,0x00000000e0000000,0x00000000e7480000)
  from space 14848K, 91% used [0x00000000e7480000,0x00000000e81c1a00,0x00000000e8300000)
  to   space 16384K, 0% used [0x00000000ea380000,0x00000000ea380000,0x00000000eb380000)
 ParOldGen       total 74240K, used 23575K [0x00000000a0000000, 0x00000000a4880000, 0x00000000e0000000)
  object space 74240K, 31% used [0x00000000a0000000,0x00000000a1705e20,0x00000000a4880000)
 Metaspace       used 57313K, capacity 59088K, committed 59160K, reserved 1099776K
  class space    used 7621K, capacity 8032K, committed 8064K, reserved 1048576K
Event: 9.906 GC heap after
Heap after GC invocations=16 (full 3):
 PSYoungGen      total 134144K, used 0K [0x00000000e0000000, 0x00000000eb380000, 0x0000000100000000)
  eden space 119296K, 0% used [0x00000000e0000000,0x00000000e0000000,0x00000000e7480000)
  from space 14848K, 0% used [0x00000000e7480000,0x00000000e7480000,0x00000000e8300000)
  to   space 16384K, 0% used [0x00000000ea380000,0x00000000ea380000,0x00000000eb380000)
 ParOldGen       total 113152K, used 31160K [0x00000000a0000000, 0x00000000a6e80000, 0x00000000e0000000)
  object space 113152K, 27% used [0x00000000a0000000,0x00000000a1e6e040,0x00000000a6e80000)
 Metaspace       used 57220K, capacity 58838K, committed 59160K, reserved 1099776K
  class space    used 7593K, capacity 7991K, committed 8064K, reserved 1048576K
}
Event: 11.496 GC heap before
{Heap before GC invocations=17 (full 3):
 PSYoungGen      total 134144K, used 119296K [0x00000000e0000000, 0x00000000eb380000, 0x0000000100000000)
  eden space 119296K, 100% used [0x00000000e0000000,0x00000000e7480000,0x00000000e7480000)
  from space 14848K, 0% used [0x00000000e7480000,0x00000000e7480000,0x00000000e8300000)
  to   space 16384K, 0% used [0x00000000ea380000,0x00000000ea380000,0x00000000eb380000)
 ParOldGen       total 113152K, used 31160K [0x00000000a0000000, 0x00000000a6e80000, 0x00000000e0000000)
  object space 113152K, 27% used [0x00000000a0000000,0x00000000a1e6e040,0x00000000a6e80000)
 Metaspace       used 63747K, capacity 65860K, committed 65920K, reserved 1105920K
  class space    used 8601K, capacity 9071K, committed 9088K, reserved 1048576K
Event: 11.509 GC heap after
Heap after GC invocations=17 (full 3):
 PSYoungGen      total 150528K, used 10511K [0x00000000e0000000, 0x00000000eae00000, 0x0000000100000000)
  eden space 139776K, 0% used [0x00000000e0000000,0x00000000e0000000,0x00000000e8880000)
  from space 10752K, 97% used [0x00000000ea380000,0x00000000eadc3f38,0x00000000eae00000)
  to   space 16384K, 0% used [0x00000000e8e00000,0x00000000e8e00000,0x00000000e9e00000)
 ParOldGen       total 113152K, used 31168K [0x00000000a0000000, 0x00000000a6e80000, 0x00000000e0000000)
  object space 113152K, 27% used [0x00000000a0000000,0x00000000a1e70040,0x00000000a6e80000)
 Metaspace       used 63747K, capacity 65860K, committed 65920K, reserved 1105920K
  class space    used 8601K, capacity 9071K, committed 9088K, reserved 1048576K
}
Event: 14.813 GC heap before
{Heap before GC invocations=18 (full 3):
 PSYoungGen      total 150528K, used 150287K [0x00000000e0000000, 0x00000000eae00000, 0x0000000100000000)
  eden space 139776K, 100% used [0x00000000e0000000,0x00000000e8880000,0x00000000e8880000)
  from space 10752K, 97% used [0x00000000ea380000,0x00000000eadc3f38,0x00000000eae00000)
  to   space 16384K, 0% used [0x00000000e8e00000,0x00000000e8e00000,0x00000000e9e00000)
 ParOldGen       total 113152K, used 31168K [0x00000000a0000000, 0x00000000a6e80000, 0x00000000e0000000)
  object space 113152K, 27% used [0x00000000a0000000,0x00000000a1e70040,0x00000000a6e80000)
 Metaspace       used 70279K, capacity 72584K, committed 72704K, reserved 1112064K
  class space    used 9381K, capacity 9891K, committed 9984K, reserved 1048576K
Event: 14.828 GC heap after
Heap after GC invocations=18 (full 3):
 PSYoungGen      total 161792K, used 16372K [0x00000000e0000000, 0x00000000ec180000, 0x0000000100000000)
  eden space 145408K, 0% used [0x00000000e0000000,0x00000000e0000000,0x00000000e8e00000)
  from space 16384K, 99% used [0x00000000e8e00000,0x00000000e9dfd160,0x00000000e9e00000)
  to   space 18432K, 0% used [0x00000000eaf80000,0x00000000eaf80000,0x00000000ec180000)
 ParOldGen       total 113152K, used 31252K [0x00000000a0000000, 0x00000000a6e80000, 0x00000000e0000000)
  object space 113152K, 27% used [0x00000000a0000000,0x00000000a1e85100,0x00000000a6e80000)
 Metaspace       used 70279K, capacity 72584K, committed 72704K, reserved 1112064K
  class space    used 9381K, capacity 9891K, committed 9984K, reserved 1048576K
}
Event: 17.773 GC heap before
{Heap before GC invocations=19 (full 3):
 PSYoungGen      total 161792K, used 161780K [0x00000000e0000000, 0x00000000ec180000, 0x0000000100000000)
  eden space 145408K, 100% used [0x00000000e0000000,0x00000000e8e00000,0x00000000e8e00000)
  from space 16384K, 99% used [0x00000000e8e00000,0x00000000e9dfd160,0x00000000e9e00000)
  to   space 18432K, 0% used [0x00000000eaf80000,0x00000000eaf80000,0x00000000ec180000)
 ParOldGen       total 113152K, used 31252K [0x00000000a0000000, 0x00000000a6e80000, 0x00000000e0000000)
  object space 113152K, 27% used [0x00000000a0000000,0x00000000a1e85100,0x00000000a6e80000)
 Metaspace       used 71503K, capacity 73902K, committed 73984K, reserved 1114112K
  class space    used 9453K, capacity 9980K, committed 9984K, reserved 1048576K
Event: 17.798 GC heap after
Heap after GC invocations=19 (full 3):
 PSYoungGen      total 176128K, used 18414K [0x00000000e0000000, 0x00000000ece00000, 0x0000000100000000)
  eden space 157696K, 0% used [0x00000000e0000000,0x00000000e0000000,0x00000000e9a00000)
  from space 18432K, 99% used [0x00000000eaf80000,0x00000000ec17bbb8,0x00000000ec180000)
  to   space 22016K, 0% used [0x00000000e9a00000,0x00000000e9a00000,0x00000000eaf80000)
 ParOldGen       total 113152K, used 34281K [0x00000000a0000000, 0x00000000a6e80000, 0x00000000e0000000)
  object space 113152K, 30% used [0x00000000a0000000,0x00000000a217a4a0,0x00000000a6e80000)
 Metaspace       used 71503K, capacity 73902K, committed 73984K, reserved 1114112K
  class space    used 9453K, capacity 9980K, committed 9984K, reserved 1048576K
}
Event: 18.833 GC heap before
{Heap before GC invocations=20 (full 3):
 PSYoungGen      total 176128K, used 176110K [0x00000000e0000000, 0x00000000ece00000, 0x0000000100000000)
  eden space 157696K, 100% used [0x00000000e0000000,0x00000000e9a00000,0x00000000e9a00000)
  from space 18432K, 99% used [0x00000000eaf80000,0x00000000ec17bbb8,0x00000000ec180000)
  to   space 22016K, 0% used [0x00000000e9a00000,0x00000000e9a00000,0x00000000eaf80000)
 ParOldGen       total 113152K, used 34281K [0x00000000a0000000, 0x00000000a6e80000, 0x00000000e0000000)
  object space 113152K, 30% used [0x00000000a0000000,0x00000000a217a4a0,0x00000000a6e80000)
 Metaspace       used 72470K, capacity 75178K, committed 75264K, reserved 1114112K
  class space    used 9592K, capacity 10180K, committed 10240K, reserved 1048576K
Event: 18.866 GC heap after
Heap after GC invocations=20 (full 3):
 PSYoungGen      total 179712K, used 20977K [0x00000000e0000000, 0x00000000ece00000, 0x0000000100000000)
  eden space 157696K, 0% used [0x00000000e0000000,0x00000000e0000000,0x00000000e9a00000)
  from space 22016K, 95% used [0x00000000e9a00000,0x00000000eae7c678,0x00000000eaf80000)
  to   space 18432K, 0% used [0x00000000eaf80000,0x00000000eaf80000,0x00000000ec180000)
 ParOldGen       total 113152K, used 46526K [0x00000000a0000000, 0x00000000a6e80000, 0x00000000e0000000)
  object space 113152K, 41% used [0x00000000a0000000,0x00000000a2d6f978,0x00000000a6e80000)
 Metaspace       used 72470K, capacity 75178K, committed 75264K, reserved 1114112K
  class space    used 9592K, capacity 10180K, committed 10240K, reserved 1048576K
}

