# JRE version: OpenJDK Runtime Environment (8.0_152-b01) (build 1.8.0_152-release-1343-b01)
# Java VM: OpenJDK 64-Bit Server VM (25.152-b01 mixed mode windows-amd64 compressed oops)
Heap:
 PSYoungGen      total 212480K, used 83774K [0x00000000e0000000, 0x00000000ee200000, 0x0000000100000000)
  eden space 193536K, 36% used [0x00000000e0000000,0x00000000e44bcc58,0x00000000ebd00000)
  from space 18944K, 70% used [0x00000000ecf80000,0x00000000edc92d30,0x00000000ee200000)
  to   space 18944K, 0% used [0x00000000ebd00000,0x00000000ebd00000,0x00000000ecf80000)
 ParOldGen       total 173568K, used 47514K [0x00000000a0000000, 0x00000000aa980000, 0x00000000e0000000)
  object space 173568K, 27% used [0x00000000a0000000,0x00000000a2e66900,0x00000000aa980000)
 Metaspace       used 101635K, capacity 108254K, committed 108544K, reserved 1144832K
  class space    used 12627K, capacity 13737K, committed 13824K, reserved 1048576K
GC Heap History (10 events):
Event: 8650.376 GC heap before
{Heap before GC invocations=46 (full 4):
 PSYoungGen      total 207872K, used 203437K [0x00000000e0000000, 0x00000000ee100000, 0x0000000100000000)
  eden space 188928K, 100% used [0x00000000e0000000,0x00000000eb880000,0x00000000eb880000)
  from space 18944K, 76% used [0x00000000eb880000,0x00000000ec6ab418,0x00000000ecb00000)
  to   space 19456K, 0% used [0x00000000ece00000,0x00000000ece00000,0x00000000ee100000)
 ParOldGen       total 173568K, used 45586K [0x00000000a0000000, 0x00000000aa980000, 0x00000000e0000000)
  object space 173568K, 26% used [0x00000000a0000000,0x00000000a2c84a30,0x00000000aa980000)
 Metaspace       used 100995K, capacity 107488K, committed 107776K, reserved 1142784K
  class space    used 12587K, capacity 13708K, committed 13824K, reserved 1048576K
Event: 8650.393 GC heap after
Heap after GC invocations=46 (full 4):
 PSYoungGen      total 207872K, used 11857K [0x00000000e0000000, 0x00000000ede80000, 0x0000000100000000)
  eden space 190976K, 0% used [0x00000000e0000000,0x00000000e0000000,0x00000000eba80000)
  from space 16896K, 70% used [0x00000000ece00000,0x00000000ed994500,0x00000000ede80000)
  to   space 18432K, 0% used [0x00000000eba80000,0x00000000eba80000,0x00000000ecc80000)
 ParOldGen       total 173568K, used 46538K [0x00000000a0000000, 0x00000000aa980000, 0x00000000e0000000)
  object space 173568K, 26% used [0x00000000a0000000,0x00000000a2d72890,0x00000000aa980000)
 Metaspace       used 100995K, capacity 107488K, committed 107776K, reserved 1142784K
  class space    used 12587K, capacity 13708K, committed 13824K, reserved 1048576K
}
Event: 9236.658 GC heap before
{Heap before GC invocations=47 (full 4):
 PSYoungGen      total 207872K, used 202833K [0x00000000e0000000, 0x00000000ede80000, 0x0000000100000000)
  eden space 190976K, 100% used [0x00000000e0000000,0x00000000eba80000,0x00000000eba80000)
  from space 16896K, 70% used [0x00000000ece00000,0x00000000ed994500,0x00000000ede80000)
  to   space 18432K, 0% used [0x00000000eba80000,0x00000000eba80000,0x00000000ecc80000)
 ParOldGen       total 173568K, used 46538K [0x00000000a0000000, 0x00000000aa980000, 0x00000000e0000000)
  object space 173568K, 26% used [0x00000000a0000000,0x00000000a2d72890,0x00000000aa980000)
 Metaspace       used 101075K, capacity 107692K, committed 108032K, reserved 1142784K
  class space    used 12587K, capacity 13708K, committed 13824K, reserved 1048576K
Event: 9236.667 GC heap after
Heap after GC invocations=47 (full 4):
 PSYoungGen      total 209408K, used 7834K [0x00000000e0000000, 0x00000000ee100000, 0x0000000100000000)
  eden space 190976K, 0% used [0x00000000e0000000,0x00000000e0000000,0x00000000eba80000)
  from space 18432K, 42% used [0x00000000eba80000,0x00000000ec226810,0x00000000ecc80000)
  to   space 18944K, 0% used [0x00000000ece80000,0x00000000ece80000,0x00000000ee100000)
 ParOldGen       total 173568K, used 46858K [0x00000000a0000000, 0x00000000aa980000, 0x00000000e0000000)
  object space 173568K, 26% used [0x00000000a0000000,0x00000000a2dc28e0,0x00000000aa980000)
 Metaspace       used 101075K, capacity 107692K, committed 108032K, reserved 1142784K
  class space    used 12587K, capacity 13708K, committed 13824K, reserved 1048576K
}
Event: 9297.754 GC heap before
{Heap before GC invocations=48 (full 4):
 PSYoungGen      total 209408K, used 198810K [0x00000000e0000000, 0x00000000ee100000, 0x0000000100000000)
  eden space 190976K, 100% used [0x00000000e0000000,0x00000000eba80000,0x00000000eba80000)
  from space 18432K, 42% used [0x00000000eba80000,0x00000000ec226810,0x00000000ecc80000)
  to   space 18944K, 0% used [0x00000000ece80000,0x00000000ece80000,0x00000000ee100000)
 ParOldGen       total 173568K, used 46858K [0x00000000a0000000, 0x00000000aa980000, 0x00000000e0000000)
  object space 173568K, 26% used [0x00000000a0000000,0x00000000a2dc28e0,0x00000000aa980000)
 Metaspace       used 101191K, capacity 107856K, committed 108032K, reserved 1142784K
  class space    used 12591K, capacity 13714K, committed 13824K, reserved 1048576K
Event: 9297.774 GC heap after
Heap after GC invocations=48 (full 4):
 PSYoungGen      total 211456K, used 13356K [0x00000000e0000000, 0x00000000ee100000, 0x0000000100000000)
  eden space 192512K, 0% used [0x00000000e0000000,0x00000000e0000000,0x00000000ebc00000)
  from space 18944K, 70% used [0x00000000ece80000,0x00000000edb8b110,0x00000000ee100000)
  to   space 18944K, 0% used [0x00000000ebc00000,0x00000000ebc00000,0x00000000ece80000)
 ParOldGen       total 173568K, used 47042K [0x00000000a0000000, 0x00000000aa980000, 0x00000000e0000000)
  object space 173568K, 27% used [0x00000000a0000000,0x00000000a2df08f0,0x00000000aa980000)
 Metaspace       used 101191K, capacity 107856K, committed 108032K, reserved 1142784K
  class space    used 12591K, capacity 13714K, committed 13824K, reserved 1048576K
}
Event: 9385.948 GC heap before
{Heap before GC invocations=49 (full 4):
 PSYoungGen      total 211456K, used 205868K [0x00000000e0000000, 0x00000000ee100000, 0x0000000100000000)
  eden space 192512K, 100% used [0x00000000e0000000,0x00000000ebc00000,0x00000000ebc00000)
  from space 18944K, 70% used [0x00000000ece80000,0x00000000edb8b110,0x00000000ee100000)
  to   space 18944K, 0% used [0x00000000ebc00000,0x00000000ebc00000,0x00000000ece80000)
 ParOldGen       total 173568K, used 47042K [0x00000000a0000000, 0x00000000aa980000, 0x00000000e0000000)
  object space 173568K, 27% used [0x00000000a0000000,0x00000000a2df08f0,0x00000000aa980000)
 Metaspace       used 101271K, capacity 107856K, committed 108032K, reserved 1142784K
  class space    used 12592K, capacity 13714K, committed 13824K, reserved 1048576K
Event: 9385.960 GC heap after
Heap after GC invocations=49 (full 4):
 PSYoungGen      total 211456K, used 6923K [0x00000000e0000000, 0x00000000ee200000, 0x0000000100000000)
  eden space 192512K, 0% used [0x00000000e0000000,0x00000000e0000000,0x00000000ebc00000)
  from space 18944K, 36% used [0x00000000ebc00000,0x00000000ec2c2c90,0x00000000ece80000)
  to   space 18944K, 0% used [0x00000000ecf80000,0x00000000ecf80000,0x00000000ee200000)
 ParOldGen       total 173568K, used 47282K [0x00000000a0000000, 0x00000000aa980000, 0x00000000e0000000)
  object space 173568K, 27% used [0x00000000a0000000,0x00000000a2e2c900,0x00000000aa980000)
 Metaspace       used 101271K, capacity 107856K, committed 108032K, reserved 1142784K
  class space    used 12592K, capacity 13714K, committed 13824K, reserved 1048576K
}
Event: 9626.015 GC heap before
{Heap before GC invocations=50 (full 4):
 PSYoungGen      total 211456K, used 199435K [0x00000000e0000000, 0x00000000ee200000, 0x0000000100000000)
  eden space 192512K, 100% used [0x00000000e0000000,0x00000000ebc00000,0x00000000ebc00000)
  from space 18944K, 36% used [0x00000000ebc00000,0x00000000ec2c2c90,0x00000000ece80000)
  to   space 18944K, 0% used [0x00000000ecf80000,0x00000000ecf80000,0x00000000ee200000)
 ParOldGen       total 173568K, used 47282K [0x00000000a0000000, 0x00000000aa980000, 0x00000000e0000000)
  object space 173568K, 27% used [0x00000000a0000000,0x00000000a2e2c900,0x00000000aa980000)
 Metaspace       used 101370K, capacity 107924K, committed 108288K, reserved 1144832K
  class space    used 12593K, capacity 13714K, committed 13824K, reserved 1048576K
Event: 9626.030 GC heap after
Heap after GC invocations=50 (full 4):
 PSYoungGen      total 212480K, used 13387K [0x00000000e0000000, 0x00000000ee200000, 0x0000000100000000)
  eden space 193536K, 0% used [0x00000000e0000000,0x00000000e0000000,0x00000000ebd00000)
  from space 18944K, 70% used [0x00000000ecf80000,0x00000000edc92d30,0x00000000ee200000)
  to   space 18944K, 0% used [0x00000000ebd00000,0x00000000ebd00000,0x00000000ecf80000)
 ParOldGen       total 173568K, used 47514K [0x00000000a0000000, 0x00000000aa980000, 0x00000000e0000000)
  object space 173568K, 27% used [0x00000000a0000000,0x00000000a2e66900,0x00000000aa980000)
 Metaspace       used 101370K, capacity 107924K, committed 108288K, reserved 1144832K
  class space    used 12593K, capacity 13714K, committed 13824K, reserved 1048576K
}

