# JRE version: OpenJDK Runtime Environment (8.0_152-b01) (build 1.8.0_152-release-1343-b01)
# Java VM: OpenJDK 64-Bit Server VM (25.152-b01 mixed mode windows-amd64 compressed oops)
Heap:
 PSYoungGen      total 172544K, used 92955K [0x00000000e0000000, 0x00000000ecb00000, 0x0000000100000000)
  eden space 153088K, 49% used [0x00000000e0000000,0x00000000e4a4fbf8,0x00000000e9580000)
  from space 19456K, 86% used [0x00000000e9580000,0x00000000ea5f70a8,0x00000000ea880000)
  to   space 20992K, 0% used [0x00000000eb680000,0x00000000eb680000,0x00000000ecb00000)
 ParOldGen       total 117248K, used 43484K [0x00000000a0000000, 0x00000000a7280000, 0x00000000e0000000)
  object space 117248K, 37% used [0x00000000a0000000,0x00000000a2a770e0,0x00000000a7280000)
 Metaspace       used 82529K, capacity 86338K, committed 86552K, reserved 1124352K
  class space    used 10826K, capacity 11522K, committed 11544K, reserved 1048576K
GC Heap History (10 events):
Event: 8.356 GC heap before
{Heap before GC invocations=16 (full 3):
 PSYoungGen      total 135680K, used 8713K [0x00000000e0000000, 0x00000000eaf80000, 0x0000000100000000)
  eden space 122368K, 0% used [0x00000000e0000000,0x00000000e0000000,0x00000000e7780000)
  from space 13312K, 65% used [0x00000000e7780000,0x00000000e80024f0,0x00000000e8480000)
  to   space 13312K, 0% used [0x00000000ea280000,0x00000000ea280000,0x00000000eaf80000)
 ParOldGen       total 76800K, used 27460K [0x00000000a0000000, 0x00000000a4b00000, 0x00000000e0000000)
  object space 76800K, 35% used [0x00000000a0000000,0x00000000a1ad1288,0x00000000a4b00000)
 Metaspace       used 57572K, capacity 59046K, committed 59160K, reserved 1099776K
  class space    used 7783K, capacity 8152K, committed 8216K, reserved 1048576K
Event: 8.616 GC heap after
Heap after GC invocations=16 (full 3):
 PSYoungGen      total 135680K, used 0K [0x00000000e0000000, 0x00000000eaf80000, 0x0000000100000000)
  eden space 122368K, 0% used [0x00000000e0000000,0x00000000e0000000,0x00000000e7780000)
  from space 13312K, 0% used [0x00000000e7780000,0x00000000e7780000,0x00000000e8480000)
  to   space 13312K, 0% used [0x00000000ea280000,0x00000000ea280000,0x00000000eaf80000)
 ParOldGen       total 117248K, used 29456K [0x00000000a0000000, 0x00000000a7280000, 0x00000000e0000000)
  object space 117248K, 25% used [0x00000000a0000000,0x00000000a1cc4190,0x00000000a7280000)
 Metaspace       used 57572K, capacity 59046K, committed 59160K, reserved 1099776K
  class space    used 7783K, capacity 8152K, committed 8216K, reserved 1048576K
}
Event: 9.988 GC heap before
{Heap before GC invocations=17 (full 3):
 PSYoungGen      total 135680K, used 122368K [0x00000000e0000000, 0x00000000eaf80000, 0x0000000100000000)
  eden space 122368K, 100% used [0x00000000e0000000,0x00000000e7780000,0x00000000e7780000)
  from space 13312K, 0% used [0x00000000e7780000,0x00000000e7780000,0x00000000e8480000)
  to   space 13312K, 0% used [0x00000000ea280000,0x00000000ea280000,0x00000000eaf80000)
 ParOldGen       total 117248K, used 29456K [0x00000000a0000000, 0x00000000a7280000, 0x00000000e0000000)
  object space 117248K, 25% used [0x00000000a0000000,0x00000000a1cc4190,0x00000000a7280000)
 Metaspace       used 61790K, capacity 63828K, committed 63896K, reserved 1103872K
  class space    used 8360K, capacity 8815K, committed 8856K, reserved 1048576K
Event: 10.000 GC heap after
Heap after GC invocations=17 (full 3):
 PSYoungGen      total 153088K, used 13286K [0x00000000e0000000, 0x00000000eaf80000, 0x0000000100000000)
  eden space 139776K, 0% used [0x00000000e0000000,0x00000000e0000000,0x00000000e8880000)
  from space 13312K, 99% used [0x00000000ea280000,0x00000000eaf79a40,0x00000000eaf80000)
  to   space 14848K, 0% used [0x00000000e9280000,0x00000000e9280000,0x00000000ea100000)
 ParOldGen       total 117248K, used 29952K [0x00000000a0000000, 0x00000000a7280000, 0x00000000e0000000)
  object space 117248K, 25% used [0x00000000a0000000,0x00000000a1d40128,0x00000000a7280000)
 Metaspace       used 61790K, capacity 63828K, committed 63896K, reserved 1103872K
  class space    used 8360K, capacity 8815K, committed 8856K, reserved 1048576K
}
Event: 14.438 GC heap before
{Heap before GC invocations=18 (full 3):
 PSYoungGen      total 153088K, used 153062K [0x00000000e0000000, 0x00000000eaf80000, 0x0000000100000000)
  eden space 139776K, 100% used [0x00000000e0000000,0x00000000e8880000,0x00000000e8880000)
  from space 13312K, 99% used [0x00000000ea280000,0x00000000eaf79a40,0x00000000eaf80000)
  to   space 14848K, 0% used [0x00000000e9280000,0x00000000e9280000,0x00000000ea100000)
 ParOldGen       total 117248K, used 29952K [0x00000000a0000000, 0x00000000a7280000, 0x00000000e0000000)
  object space 117248K, 25% used [0x00000000a0000000,0x00000000a1d40128,0x00000000a7280000)
 Metaspace       used 64135K, capacity 66266K, committed 66456K, reserved 1105920K
  class space    used 8578K, capacity 9024K, committed 9112K, reserved 1048576K
Event: 14.450 GC heap after
Heap after GC invocations=18 (full 3):
 PSYoungGen      total 164864K, used 12437K [0x00000000e0000000, 0x00000000eb800000, 0x0000000100000000)
  eden space 150016K, 0% used [0x00000000e0000000,0x00000000e0000000,0x00000000e9280000)
  from space 14848K, 83% used [0x00000000e9280000,0x00000000e9ea5480,0x00000000ea100000)
  to   space 15872K, 0% used [0x00000000ea880000,0x00000000ea880000,0x00000000eb800000)
 ParOldGen       total 117248K, used 29960K [0x00000000a0000000, 0x00000000a7280000, 0x00000000e0000000)
  object space 117248K, 25% used [0x00000000a0000000,0x00000000a1d42128,0x00000000a7280000)
 Metaspace       used 64135K, capacity 66266K, committed 66456K, reserved 1105920K
  class space    used 8578K, capacity 9024K, committed 9112K, reserved 1048576K
}
Event: 16.925 GC heap before
{Heap before GC invocations=19 (full 3):
 PSYoungGen      total 164864K, used 162453K [0x00000000e0000000, 0x00000000eb800000, 0x0000000100000000)
  eden space 150016K, 100% used [0x00000000e0000000,0x00000000e9280000,0x00000000e9280000)
  from space 14848K, 83% used [0x00000000e9280000,0x00000000e9ea5480,0x00000000ea100000)
  to   space 15872K, 0% used [0x00000000ea880000,0x00000000ea880000,0x00000000eb800000)
 ParOldGen       total 117248K, used 29960K [0x00000000a0000000, 0x00000000a7280000, 0x00000000e0000000)
  object space 117248K, 25% used [0x00000000a0000000,0x00000000a1d42128,0x00000000a7280000)
 Metaspace       used 70731K, capacity 72966K, committed 73112K, reserved 1112064K
  class space    used 9297K, capacity 9774K, committed 9880K, reserved 1048576K
Event: 16.945 GC heap after
Heap after GC invocations=19 (full 3):
 PSYoungGen      total 168960K, used 15864K [0x00000000e0000000, 0x00000000ec980000, 0x0000000100000000)
  eden space 153088K, 0% used [0x00000000e0000000,0x00000000e0000000,0x00000000e9580000)
  from space 15872K, 99% used [0x00000000ea880000,0x00000000eb7fe180,0x00000000eb800000)
  to   space 19456K, 0% used [0x00000000e9580000,0x00000000e9580000,0x00000000ea880000)
 ParOldGen       total 117248K, used 34030K [0x00000000a0000000, 0x00000000a7280000, 0x00000000e0000000)
  object space 117248K, 29% used [0x00000000a0000000,0x00000000a213b8b8,0x00000000a7280000)
 Metaspace       used 70731K, capacity 72966K, committed 73112K, reserved 1112064K
  class space    used 9297K, capacity 9774K, committed 9880K, reserved 1048576K
}
Event: 18.455 GC heap before
{Heap before GC invocations=20 (full 3):
 PSYoungGen      total 168960K, used 168952K [0x00000000e0000000, 0x00000000ec980000, 0x0000000100000000)
  eden space 153088K, 100% used [0x00000000e0000000,0x00000000e9580000,0x00000000e9580000)
  from space 15872K, 99% used [0x00000000ea880000,0x00000000eb7fe180,0x00000000eb800000)
  to   space 19456K, 0% used [0x00000000e9580000,0x00000000e9580000,0x00000000ea880000)
 ParOldGen       total 117248K, used 34030K [0x00000000a0000000, 0x00000000a7280000, 0x00000000e0000000)
  object space 117248K, 29% used [0x00000000a0000000,0x00000000a213b8b8,0x00000000a7280000)
 Metaspace       used 81790K, capacity 85588K, committed 85784K, reserved 1124352K
  class space    used 10785K, capacity 11463K, committed 11544K, reserved 1048576K
Event: 18.473 GC heap after
Heap after GC invocations=20 (full 3):
 PSYoungGen      total 172544K, used 16860K [0x00000000e0000000, 0x00000000ecb00000, 0x0000000100000000)
  eden space 153088K, 0% used [0x00000000e0000000,0x00000000e0000000,0x00000000e9580000)
  from space 19456K, 86% used [0x00000000e9580000,0x00000000ea5f70a8,0x00000000ea880000)
  to   space 20992K, 0% used [0x00000000eb680000,0x00000000eb680000,0x00000000ecb00000)
 ParOldGen       total 117248K, used 43484K [0x00000000a0000000, 0x00000000a7280000, 0x00000000e0000000)
  object space 117248K, 37% used [0x00000000a0000000,0x00000000a2a770e0,0x00000000a7280000)
 Metaspace       used 81790K, capacity 85588K, committed 85784K, reserved 1124352K
  class space    used 10785K, capacity 11463K, committed 11544K, reserved 1048576K
}

