# JRE version: OpenJDK Runtime Environment (8.0_152-b01) (build 1.8.0_152-release-1343-b01)
# Java VM: OpenJDK 64-Bit Server VM (25.152-b01 mixed mode windows-amd64 compressed oops)
Heap:
 PSYoungGen      total 181248K, used 89869K [0x00000000e0000000, 0x00000000ed280000, 0x0000000100000000)
  eden space 158208K, 56% used [0x00000000e0000000,0x00000000e57c3760,0x00000000e9a80000)
  from space 23040K, 0% used [0x00000000ebc00000,0x00000000ebc00000,0x00000000ed280000)
  to   space 28672K, 0% used [0x00000000e9a80000,0x00000000e9a80000,0x00000000eb680000)
 ParOldGen       total 176128K, used 44178K [0x00000000a0000000, 0x00000000aac00000, 0x00000000e0000000)
  object space 176128K, 25% used [0x00000000a0000000,0x00000000a2b24a60,0x00000000aac00000)
 Metaspace       used 93254K, capacity 96568K, committed 99112K, reserved 1134592K
  class space    used 11971K, capacity 12641K, committed 13208K, reserved 1048576K
GC Heap History (10 events):
Event: 130.807 GC heap before
{Heap before GC invocations=20 (full 3):
 PSYoungGen      total 185344K, used 178412K [0x00000000e0000000, 0x00000000ed600000, 0x0000000100000000)
  eden space 160768K, 100% used [0x00000000e0000000,0x00000000e9d00000,0x00000000e9d00000)
  from space 24576K, 71% used [0x00000000eb600000,0x00000000ec73b3a8,0x00000000ece00000)
  to   space 25600K, 0% used [0x00000000e9d00000,0x00000000e9d00000,0x00000000eb600000)
 ParOldGen       total 118272K, used 63562K [0x00000000a0000000, 0x00000000a7380000, 0x00000000e0000000)
  object space 118272K, 53% used [0x00000000a0000000,0x00000000a3e12bd8,0x00000000a7380000)
 Metaspace       used 73223K, capacity 75522K, committed 75672K, reserved 1116160K
  class space    used 9382K, capacity 9872K, committed 9880K, reserved 1048576K
Event: 130.829 GC heap after
Heap after GC invocations=20 (full 3):
 PSYoungGen      total 186368K, used 23184K [0x00000000e0000000, 0x00000000ede80000, 0x0000000100000000)
  eden space 160768K, 0% used [0x00000000e0000000,0x00000000e0000000,0x00000000e9d00000)
  from space 25600K, 90% used [0x00000000e9d00000,0x00000000eb3a4168,0x00000000eb600000)
  to   space 28672K, 0% used [0x00000000ec280000,0x00000000ec280000,0x00000000ede80000)
 ParOldGen       total 118272K, used 63570K [0x00000000a0000000, 0x00000000a7380000, 0x00000000e0000000)
  object space 118272K, 53% used [0x00000000a0000000,0x00000000a3e14bd8,0x00000000a7380000)
 Metaspace       used 73223K, capacity 75522K, committed 75672K, reserved 1116160K
  class space    used 9382K, capacity 9872K, committed 9880K, reserved 1048576K
}
Event: 133.396 GC heap before
{Heap before GC invocations=21 (full 3):
 PSYoungGen      total 186368K, used 183952K [0x00000000e0000000, 0x00000000ede80000, 0x0000000100000000)
  eden space 160768K, 100% used [0x00000000e0000000,0x00000000e9d00000,0x00000000e9d00000)
  from space 25600K, 90% used [0x00000000e9d00000,0x00000000eb3a4168,0x00000000eb600000)
  to   space 28672K, 0% used [0x00000000ec280000,0x00000000ec280000,0x00000000ede80000)
 ParOldGen       total 118272K, used 63570K [0x00000000a0000000, 0x00000000a7380000, 0x00000000e0000000)
  object space 118272K, 53% used [0x00000000a0000000,0x00000000a3e14bd8,0x00000000a7380000)
 Metaspace       used 84242K, capacity 88380K, committed 88600K, reserved 1126400K
  class space    used 10983K, capacity 11773K, committed 11800K, reserved 1048576K
Event: 133.416 GC heap after
Heap after GC invocations=21 (full 3):
 PSYoungGen      total 197632K, used 21002K [0x00000000e0000000, 0x00000000ee200000, 0x0000000100000000)
  eden space 168960K, 0% used [0x00000000e0000000,0x00000000e0000000,0x00000000ea500000)
  from space 28672K, 73% used [0x00000000ec280000,0x00000000ed702b98,0x00000000ede80000)
  to   space 30208K, 0% used [0x00000000ea500000,0x00000000ea500000,0x00000000ec280000)
 ParOldGen       total 118272K, used 63578K [0x00000000a0000000, 0x00000000a7380000, 0x00000000e0000000)
  object space 118272K, 53% used [0x00000000a0000000,0x00000000a3e16bd8,0x00000000a7380000)
 Metaspace       used 84242K, capacity 88380K, committed 88600K, reserved 1126400K
  class space    used 10983K, capacity 11773K, committed 11800K, reserved 1048576K
}
Event: 6097.892 GC heap before
{Heap before GC invocations=22 (full 3):
 PSYoungGen      total 197632K, used 189962K [0x00000000e0000000, 0x00000000ee200000, 0x0000000100000000)
  eden space 168960K, 100% used [0x00000000e0000000,0x00000000ea500000,0x00000000ea500000)
  from space 28672K, 73% used [0x00000000ec280000,0x00000000ed702b98,0x00000000ede80000)
  to   space 30208K, 0% used [0x00000000ea500000,0x00000000ea500000,0x00000000ec280000)
 ParOldGen       total 118272K, used 63578K [0x00000000a0000000, 0x00000000a7380000, 0x00000000e0000000)
  object space 118272K, 53% used [0x00000000a0000000,0x00000000a3e16bd8,0x00000000a7380000)
 Metaspace       used 90174K, capacity 94976K, committed 95128K, reserved 1132544K
  class space    used 11759K, capacity 12623K, committed 12696K, reserved 1048576K
Event: 6097.996 GC heap after
Heap after GC invocations=22 (full 3):
 PSYoungGen      total 179200K, used 15732K [0x00000000e0000000, 0x00000000ed880000, 0x0000000100000000)
  eden space 163328K, 0% used [0x00000000e0000000,0x00000000e0000000,0x00000000e9f80000)
  from space 15872K, 99% used [0x00000000ea500000,0x00000000eb45d0d0,0x00000000eb480000)
  to   space 29184K, 0% used [0x00000000ebc00000,0x00000000ebc00000,0x00000000ed880000)
 ParOldGen       total 118272K, used 63586K [0x00000000a0000000, 0x00000000a7380000, 0x00000000e0000000)
  object space 118272K, 53% used [0x00000000a0000000,0x00000000a3e18bd8,0x00000000a7380000)
 Metaspace       used 90174K, capacity 94976K, committed 95128K, reserved 1132544K
  class space    used 11759K, capacity 12623K, committed 12696K, reserved 1048576K
}
Event: 6098.900 GC heap before
{Heap before GC invocations=23 (full 3):
 PSYoungGen      total 179200K, used 67399K [0x00000000e0000000, 0x00000000ed880000, 0x0000000100000000)
  eden space 163328K, 31% used [0x00000000e0000000,0x00000000e3274b70,0x00000000e9f80000)
  from space 15872K, 99% used [0x00000000ea500000,0x00000000eb45d0d0,0x00000000eb480000)
  to   space 29184K, 0% used [0x00000000ebc00000,0x00000000ebc00000,0x00000000ed880000)
 ParOldGen       total 118272K, used 63586K [0x00000000a0000000, 0x00000000a7380000, 0x00000000e0000000)
  object space 118272K, 53% used [0x00000000a0000000,0x00000000a3e18bd8,0x00000000a7380000)
 Metaspace       used 93726K, capacity 98442K, committed 98600K, reserved 1134592K
  class space    used 12230K, capacity 13087K, committed 13208K, reserved 1048576K
Event: 6098.924 GC heap after
Heap after GC invocations=23 (full 3):
 PSYoungGen      total 181248K, used 15845K [0x00000000e0000000, 0x00000000ed280000, 0x0000000100000000)
  eden space 158208K, 0% used [0x00000000e0000000,0x00000000e0000000,0x00000000e9a80000)
  from space 23040K, 68% used [0x00000000ebc00000,0x00000000ecb797e0,0x00000000ed280000)
  to   space 28672K, 0% used [0x00000000e9a80000,0x00000000e9a80000,0x00000000eb680000)
 ParOldGen       total 118272K, used 63594K [0x00000000a0000000, 0x00000000a7380000, 0x00000000e0000000)
  object space 118272K, 53% used [0x00000000a0000000,0x00000000a3e1abd8,0x00000000a7380000)
 Metaspace       used 93726K, capacity 98442K, committed 98600K, reserved 1134592K
  class space    used 12230K, capacity 13087K, committed 13208K, reserved 1048576K
}
Event: 6098.925 GC heap before
{Heap before GC invocations=24 (full 4):
 PSYoungGen      total 181248K, used 15845K [0x00000000e0000000, 0x00000000ed280000, 0x0000000100000000)
  eden space 158208K, 0% used [0x00000000e0000000,0x00000000e0000000,0x00000000e9a80000)
  from space 23040K, 68% used [0x00000000ebc00000,0x00000000ecb797e0,0x00000000ed280000)
  to   space 28672K, 0% used [0x00000000e9a80000,0x00000000e9a80000,0x00000000eb680000)
 ParOldGen       total 118272K, used 63594K [0x00000000a0000000, 0x00000000a7380000, 0x00000000e0000000)
  object space 118272K, 53% used [0x00000000a0000000,0x00000000a3e1abd8,0x00000000a7380000)
 Metaspace       used 93726K, capacity 98442K, committed 98600K, reserved 1134592K
  class space    used 12230K, capacity 13087K, committed 13208K, reserved 1048576K
Event: 6099.220 GC heap after
Heap after GC invocations=24 (full 4):
 PSYoungGen      total 181248K, used 0K [0x00000000e0000000, 0x00000000ed280000, 0x0000000100000000)
  eden space 158208K, 0% used [0x00000000e0000000,0x00000000e0000000,0x00000000e9a80000)
  from space 23040K, 0% used [0x00000000ebc00000,0x00000000ebc00000,0x00000000ed280000)
  to   space 28672K, 0% used [0x00000000e9a80000,0x00000000e9a80000,0x00000000eb680000)
 ParOldGen       total 176128K, used 44178K [0x00000000a0000000, 0x00000000aac00000, 0x00000000e0000000)
  object space 176128K, 25% used [0x00000000a0000000,0x00000000a2b24a60,0x00000000aac00000)
 Metaspace       used 91749K, capacity 94588K, committed 98600K, reserved 1134592K
  class space    used 11773K, capacity 12340K, committed 13208K, reserved 1048576K
}

